<?xml version="1.0" encoding="UTF-8"?>
<testng-results ignored="0" total="4" passed="4" failed="0" skipped="0">
  <reporter-output>
  </reporter-output>
  <suite started-at="2022-04-19T15:27:19 EDT" name="Suite" finished-at="2022-04-19T15:27:19 EDT" duration-ms="36">
    <groups>
    </groups>
    <test started-at="2022-04-19T15:27:19 EDT" name="Test" finished-at="2022-04-19T15:27:19 EDT" duration-ms="36">
      <class name="qaclickacademy.Mavenjava.RESTAPITest">
        <test-method signature="deleteTwitter()[pri:0, instance:qaclickacademy.Mavenjava.RESTAPITest@2b91004a]" started-at="2022-04-19T15:27:19 EDT" name="deleteTwitter" finished-at="2022-04-19T15:27:19 EDT" duration-ms="4" status="PASS">
          <reporter-output>
          </reporter-output>
        </test-method> <!-- deleteTwitter -->
        <test-method signature="postJira()[pri:0, instance:qaclickacademy.Mavenjava.RESTAPITest@2b91004a]" started-at="2022-04-19T15:27:19 EDT" name="postJira" finished-at="2022-04-19T15:27:19 EDT" duration-ms="0" status="PASS">
          <reporter-output>
          </reporter-output>
        </test-method> <!-- postJira -->
      </class> <!-- qaclickacademy.Mavenjava.RESTAPITest -->
      <class name="qaclickacademy.Mavenjava.SeleniumTest">
        <test-method signature="BrowserAutomation()[pri:0, instance:qaclickacademy.Mavenjava.SeleniumTest@614ca7df]" started-at="2022-04-19T15:27:19 EDT" name="BrowserAutomation" finished-at="2022-04-19T15:27:19 EDT" duration-ms="1" status="PASS">
          <reporter-output>
          </reporter-output>
        </test-method> <!-- BrowserAutomation -->
        <test-method signature="elementsUI()[pri:0, instance:qaclickacademy.Mavenjava.SeleniumTest@614ca7df]" started-at="2022-04-19T15:27:19 EDT" name="elementsUI" finished-at="2022-04-19T15:27:19 EDT" duration-ms="1" status="PASS">
          <reporter-output>
          </reporter-output>
        </test-method> <!-- elementsUI -->
      </class> <!-- qaclickacademy.Mavenjava.SeleniumTest -->
    </test> <!-- Test -->
  </suite> <!-- Suite -->
</testng-results>
